[16:38:30] [main/INFO] (Launcher) ModLauncher running: args [--launchTarget, neoforgeclientdev, --version, 21.7.8-beta, --assetIndex, 1.21.7-26, --assetsDir, C:\Users\mathi\.gradle\caches\fabric-loom\assets, --fml.fmlVersion, 9.0.5, --fml.mcVersion, 1.21.7, --fml.neoForgeVersion, 21.7.8-beta, --fml.neoFormVersion, 20250630.141722]
[16:38:30] [main/INFO] (Launcher) JVM identified as Oracle Corporation Java HotSpot(TM) 64-Bit Server VM 21.0.7+8-LTS-245
[16:38:30] [main/INFO] (Launcher) ModLauncher 9.0 starting: java version 21.0.7 by Oracle Corporation; OS Windows 11 arch amd64 version 10.0
[16:38:30] [main/INFO] (ImmediateWindowHandler) Loading ImmediateWindowProvider fmlearlywindow
[16:38:31] [main/INFO] (mixin) SpongePowered MIXIN Subsystem Version=0.8.7 Source=union:/C:/Users/mathi/.gradle/caches/modules-2/files-2.1/net.fabricmc/sponge-mixin/0.15.2+mixin.0.8.7/2af2f021d8e02a0220dc27a7a72b4666d66d44ca/sponge-mixin-0.15.2+mixin.0.8.7.jar%23131!/ Service=ModLauncher Env=CLIENT
[16:38:31] [fml-loadingscreen/INFO] (LoadingScreenRenderer) GL info: Intel(R) Iris(R) Xe Graphics GL version 3.2.0 - Build 32.0.101.6129, Intel
[16:38:31] [main/INFO] (ModDiscoverer) Found mod file "neoforge-21.7.8-beta-minecraft-merged-1.21.7-loom.mappings.1_21_7.layered+hash.40359-v2-neoforge-21.7.8-beta.jar" [locator: neoforge devenv provider ([C:\Users\mathi\.gradle\caches\fabric-loom\minecraftMaven\net\minecraft\neoforge-21.7.8-beta-minecraft-merged\1.21.7-loom.mappings.1_21_7.layered+hash.40359-v2-neoforge-21.7.8-beta\neoforge-21.7.8-beta-minecraft-merged-1.21.7-loom.mappings.1_21_7.layered+hash.40359-v2-neoforge-21.7.8-beta.jar])]
[16:38:31] [main/INFO] (ModDiscoverer) Found mod file "neoforge-21.7.8-beta-minecraft-merged-1.21.7-loom.mappings.1_21_7.layered+hash.40359-v2-neoforge-21.7.8-beta.jar" [locator: neoforge devenv provider ([C:\Users\mathi\.gradle\caches\fabric-loom\minecraftMaven\net\minecraft\neoforge-21.7.8-beta-minecraft-merged\1.21.7-loom.mappings.1_21_7.layered+hash.40359-v2-neoforge-21.7.8-beta\neoforge-21.7.8-beta-minecraft-merged-1.21.7-loom.mappings.1_21_7.layered+hash.40359-v2-neoforge-21.7.8-beta.jar])]
[16:38:31] [main/INFO] (ModDiscoverer) Found mod file "main" [locator: userdev mods and services, reader: mod manifest]
[16:38:31] [main/INFO] (ModDiscoverer) Found mod file "neoforge-21.7.8-beta-minecraft-merged-1.21.7-loom.mappings.1_21_7.layered+hash.40359-v2-neoforge-21.7.8-beta.jar" [locator: userdev mods and services, reader: mod manifest]
[16:38:31] [main/INFO] (ModDiscoverer) Found mod file "architectury-neoforge-17.0.6.jar" [locator: userdev mods and services, reader: mod manifest]
[16:38:31] [main/INFO] (ModDiscoverer) Found mod file "17709067249761962621.jar" [locator: userdev mods and services, reader: mod manifest]
[16:38:31] [main/INFO] (ModDiscoverer) Found gamelibrary file "mixinextras-neoforge-0.4.1.jar" [locator: userdev mods and services, reader: mod manifest]
[16:38:31] [main/WARN] (JarSelector) Attempted to select a dependency jar for JarJar which was passed in as source: library:mixinextras.neoforge. Using Mod File: C:\Users\mathi\.gradle\caches\modules-2\files-2.1\io.github.llamalad7\mixinextras-neoforge\0.4.1\eff97772ecd0dcf8e52cdbafd3b3ccec425f8314\mixinextras-neoforge-0.4.1.jar
[16:38:31] [main/INFO] (JarInJarDependencyLocator) Found 1 dependencies adding them to mods collection
[16:38:31] [main/INFO] (ModDiscoverer) Found library file "net.neoforged.neoforge-coremods-21.7.8-beta.jar" [parent: neoforge-21.7.8-beta-minecraft-merged-1.21.7-loom.mappings.1_21_7.layered+hash.40359-v2-neoforge-21.7.8-beta.jar, locator: jarinjar, reader: mod manifest]
[16:38:31] [main/INFO] (ModDiscoverer) 
     Mod List:
		Name Version (Mod Id)

		Architectury 17.0.6 (architectury)
		generated_8a1897d 1 (generated_8a1897d)
		Minecraft 1.21.7 (minecraft)
		NeoForge 21.7.8-beta (neoforge)
		Ores Mod 1.0.0 (ores)
[16:38:31] [main/INFO] (mixin) Compatibility level set to JAVA_21
[16:38:31] [main/INFO] (LaunchServiceHandler) Launching target 'neoforgeclientdev' with arguments [--version, 21.7.8-beta, --assetsDir, C:\Users\mathi\.gradle\caches\fabric-loom\assets, --assetIndex, 1.21.7-26]
[27juil.2025 16:38:32.001] [main/INFO] [unprotect/]: Found 9437 Minecraft classes
[27juil.2025 16:38:34.078] [Datafixer Bootstrap/INFO] [com.mojang.datafixers.DataFixerBuilder/]: 272 Datafixer optimizations took 443 milliseconds
[27juil.2025 16:38:34.251] [pool-11-thread-1/INFO] [MixinExtras|Service/]: Initializing MixinExtras via com.llamalad7.mixinextras.service.MixinExtrasServiceImpl(version=0.4.1).
[27juil.2025 16:38:38.892] [main/WARN] [net.minecraft.commands.Commands/]: Ambiguity between arguments [teleport, location] and [teleport, destination] with inputs: [0.1 -0.5 .9, 0 0 0]
[27juil.2025 16:38:38.892] [main/WARN] [net.minecraft.commands.Commands/]: Ambiguity between arguments [teleport, location] and [teleport, targets] with inputs: [0.1 -0.5 .9, 0 0 0]
[27juil.2025 16:38:38.892] [main/WARN] [net.minecraft.commands.Commands/]: Ambiguity between arguments [teleport, destination] and [teleport, targets] with inputs: [Player, 0123, @e, dd12be42-52a9-4a91-a8a1-11c01849e498]
[27juil.2025 16:38:38.903] [main/WARN] [net.minecraft.commands.Commands/]: Ambiguity between arguments [teleport, targets] and [teleport, destination] with inputs: [Player, 0123, dd12be42-52a9-4a91-a8a1-11c01849e498]
[27juil.2025 16:38:38.904] [main/WARN] [net.minecraft.commands.Commands/]: Ambiguity between arguments [teleport, targets, location] and [teleport, targets, destination] with inputs: [0.1 -0.5 .9, 0 0 0]
[27juil.2025 16:38:38.904] [main/WARN] [net.minecraft.commands.Commands/]: Ambiguity between arguments [waypoint, modify, waypoint, color, reset] and [waypoint, modify, waypoint, color, color] with inputs: [reset]
[27juil.2025 16:38:38.950] [modloading-worker-0/ERROR] [net.neoforged.neoforge.common.OnlyInWarningsHandler/]: The mod architectury uses the @OnlyIn annotation; the runtime member-stripping behaviour of this annotation is no longer present, which may lead to issues if that behaviour was relied upon
[27juil.2025 16:38:38.950] [modloading-worker-0/ERROR] [net.neoforged.neoforge.common.OnlyInWarningsHandler/]: @OnlyIn used on method dev.architectury.platform.Mod.registerConfigurationScreen(Ldev/architectury/platform/Mod$ConfigurationScreenProvider;)V
[27juil.2025 16:38:38.952] [modloading-worker-0/ERROR] [net.neoforged.neoforge.common.OnlyInWarningsHandler/]: @OnlyIn used on class dev.architectury.platform.Mod$ConfigurationScreenProvider
[27juil.2025 16:38:38.952] [modloading-worker-0/ERROR] [net.neoforged.neoforge.common.OnlyInWarningsHandler/]: @OnlyIn used on method dev.architectury.core.fluid.ArchitecturyFluidAttributesForge.initializeClient()Lnet/neoforged/neoforge/client/extensions/common/IClientFluidTypeExtensions;
[27juil.2025 16:38:38.952] [modloading-worker-0/ERROR] [net.neoforged.neoforge.common.OnlyInWarningsHandler/]: @OnlyIn used on method dev.architectury.core.fluid.ArchitecturyFluidAttributesForge.registerClient()V
[27juil.2025 16:38:38.952] [modloading-worker-0/ERROR] [net.neoforged.neoforge.common.OnlyInWarningsHandler/]: @OnlyIn used on method dev.architectury.utils.GameInstance.getClient()Lnet/minecraft/client/Minecraft;
[27juil.2025 16:38:38.952] [modloading-worker-0/ERROR] [net.neoforged.neoforge.common.OnlyInWarningsHandler/]: @OnlyIn used on class dev.architectury.hooks.client.screen.ScreenHooks
[27juil.2025 16:38:38.952] [modloading-worker-0/ERROR] [net.neoforged.neoforge.common.OnlyInWarningsHandler/]: @OnlyIn used on method dev.architectury.hooks.fluid.FluidStackHooks.getColor(Lnet/minecraft/world/level/material/Fluid;)I
[27juil.2025 16:38:38.952] [modloading-worker-0/ERROR] [net.neoforged.neoforge.common.OnlyInWarningsHandler/]: @OnlyIn used on method dev.architectury.hooks.fluid.FluidStackHooks.getColor(Ldev/architectury/fluid/FluidStack;)I
[27juil.2025 16:38:38.952] [modloading-worker-0/ERROR] [net.neoforged.neoforge.common.OnlyInWarningsHandler/]: @OnlyIn used on method dev.architectury.hooks.fluid.FluidStackHooks.getColor(Lnet/minecraft/world/level/BlockAndTintGetter;Lnet/minecraft/core/BlockPos;Lnet/minecraft/world/level/material/FluidState;)I
[27juil.2025 16:38:38.952] [modloading-worker-0/ERROR] [net.neoforged.neoforge.common.OnlyInWarningsHandler/]: @OnlyIn used on method dev.architectury.hooks.fluid.FluidStackHooks.getFlowingTexture(Lnet/minecraft/world/level/material/Fluid;)Lnet/minecraft/client/renderer/texture/TextureAtlasSprite;
[27juil.2025 16:38:38.952] [modloading-worker-0/ERROR] [net.neoforged.neoforge.common.OnlyInWarningsHandler/]: @OnlyIn used on method dev.architectury.hooks.fluid.FluidStackHooks.getFlowingTexture(Ldev/architectury/fluid/FluidStack;)Lnet/minecraft/client/renderer/texture/TextureAtlasSprite;
[27juil.2025 16:38:38.952] [modloading-worker-0/ERROR] [net.neoforged.neoforge.common.OnlyInWarningsHandler/]: @OnlyIn used on method dev.architectury.hooks.fluid.FluidStackHooks.getFlowingTexture(Lnet/minecraft/world/level/BlockAndTintGetter;Lnet/minecraft/core/BlockPos;Lnet/minecraft/world/level/material/FluidState;)Lnet/minecraft/client/renderer/texture/TextureAtlasSprite;
[27juil.2025 16:38:38.952] [modloading-worker-0/ERROR] [net.neoforged.neoforge.common.OnlyInWarningsHandler/]: @OnlyIn used on method dev.architectury.hooks.fluid.FluidStackHooks.getStillTexture(Lnet/minecraft/world/level/material/Fluid;)Lnet/minecraft/client/renderer/texture/TextureAtlasSprite;
[27juil.2025 16:38:38.952] [modloading-worker-0/ERROR] [net.neoforged.neoforge.common.OnlyInWarningsHandler/]: @OnlyIn used on method dev.architectury.hooks.fluid.FluidStackHooks.getStillTexture(Ldev/architectury/fluid/FluidStack;)Lnet/minecraft/client/renderer/texture/TextureAtlasSprite;
[27juil.2025 16:38:38.952] [modloading-worker-0/ERROR] [net.neoforged.neoforge.common.OnlyInWarningsHandler/]: @OnlyIn used on method dev.architectury.hooks.fluid.FluidStackHooks.getStillTexture(Lnet/minecraft/world/level/BlockAndTintGetter;Lnet/minecraft/core/BlockPos;Lnet/minecraft/world/level/material/FluidState;)Lnet/minecraft/client/renderer/texture/TextureAtlasSprite;
[27juil.2025 16:38:38.952] [modloading-worker-0/ERROR] [net.neoforged.neoforge.common.OnlyInWarningsHandler/]: @OnlyIn used on method dev.architectury.hooks.fluid.forge.FluidStackHooksImpl.getColor(Lnet/minecraft/world/level/material/Fluid;)I
[27juil.2025 16:38:38.952] [modloading-worker-0/ERROR] [net.neoforged.neoforge.common.OnlyInWarningsHandler/]: @OnlyIn used on method dev.architectury.hooks.fluid.forge.FluidStackHooksImpl.getColor(Ldev/architectury/fluid/FluidStack;)I
[27juil.2025 16:38:38.952] [modloading-worker-0/ERROR] [net.neoforged.neoforge.common.OnlyInWarningsHandler/]: @OnlyIn used on method dev.architectury.hooks.fluid.forge.FluidStackHooksImpl.getColor(Lnet/minecraft/world/level/BlockAndTintGetter;Lnet/minecraft/core/BlockPos;Lnet/minecraft/world/level/material/FluidState;)I
[27juil.2025 16:38:38.952] [modloading-worker-0/ERROR] [net.neoforged.neoforge.common.OnlyInWarningsHandler/]: @OnlyIn used on method dev.architectury.hooks.fluid.forge.FluidStackHooksImpl.getFlowingTexture(Lnet/minecraft/world/level/material/Fluid;)Lnet/minecraft/client/renderer/texture/TextureAtlasSprite;
[27juil.2025 16:38:38.952] [modloading-worker-0/ERROR] [net.neoforged.neoforge.common.OnlyInWarningsHandler/]: @OnlyIn used on method dev.architectury.hooks.fluid.forge.FluidStackHooksImpl.getFlowingTexture(Ldev/architectury/fluid/FluidStack;)Lnet/minecraft/client/renderer/texture/TextureAtlasSprite;
[27juil.2025 16:38:38.952] [modloading-worker-0/ERROR] [net.neoforged.neoforge.common.OnlyInWarningsHandler/]: @OnlyIn used on method dev.architectury.hooks.fluid.forge.FluidStackHooksImpl.getFlowingTexture(Lnet/minecraft/world/level/BlockAndTintGetter;Lnet/minecraft/core/BlockPos;Lnet/minecraft/world/level/material/FluidState;)Lnet/minecraft/client/renderer/texture/TextureAtlasSprite;
[27juil.2025 16:38:38.952] [modloading-worker-0/ERROR] [net.neoforged.neoforge.common.OnlyInWarningsHandler/]: @OnlyIn used on method dev.architectury.hooks.fluid.forge.FluidStackHooksImpl.getStillTexture(Lnet/minecraft/world/level/material/Fluid;)Lnet/minecraft/client/renderer/texture/TextureAtlasSprite;
[27juil.2025 16:38:38.952] [modloading-worker-0/ERROR] [net.neoforged.neoforge.common.OnlyInWarningsHandler/]: @OnlyIn used on method dev.architectury.hooks.fluid.forge.FluidStackHooksImpl.getStillTexture(Ldev/architectury/fluid/FluidStack;)Lnet/minecraft/client/renderer/texture/TextureAtlasSprite;
[27juil.2025 16:38:38.952] [modloading-worker-0/ERROR] [net.neoforged.neoforge.common.OnlyInWarningsHandler/]: @OnlyIn used on method dev.architectury.hooks.fluid.forge.FluidStackHooksImpl.getStillTexture(Lnet/minecraft/world/level/BlockAndTintGetter;Lnet/minecraft/core/BlockPos;Lnet/minecraft/world/level/material/FluidState;)Lnet/minecraft/client/renderer/texture/TextureAtlasSprite;
[27juil.2025 16:38:38.952] [modloading-worker-0/ERROR] [net.neoforged.neoforge.common.OnlyInWarningsHandler/]: @OnlyIn used on method dev.architectury.networking.SpawnEntityPacket$Client.receive(Ldev/architectury/networking/SpawnEntityPacket$PacketPayload;Ldev/architectury/networking/NetworkManager$PacketContext;)V
[27juil.2025 16:38:38.952] [modloading-worker-0/ERROR] [net.neoforged.neoforge.common.OnlyInWarningsHandler/]: @OnlyIn used on method dev.architectury.networking.SpawnEntityPacket$Client.register()V
[27juil.2025 16:38:38.952] [modloading-worker-0/ERROR] [net.neoforged.neoforge.common.OnlyInWarningsHandler/]: @OnlyIn used on class dev.architectury.networking.SpawnEntityPacket$Client
[27juil.2025 16:38:38.952] [modloading-worker-0/ERROR] [net.neoforged.neoforge.common.OnlyInWarningsHandler/]: @OnlyIn used on method dev.architectury.networking.NetworkManager.canServerReceive(Lnet/minecraft/network/protocol/common/custom/CustomPacketPayload$Type;)Z
[27juil.2025 16:38:38.952] [modloading-worker-0/ERROR] [net.neoforged.neoforge.common.OnlyInWarningsHandler/]: @OnlyIn used on method dev.architectury.networking.NetworkManager.canServerReceive(Lnet/minecraft/resources/ResourceLocation;)Z
[27juil.2025 16:38:38.952] [modloading-worker-0/ERROR] [net.neoforged.neoforge.common.OnlyInWarningsHandler/]: @OnlyIn used on method dev.architectury.networking.NetworkManager.sendToServer(Lnet/minecraft/network/protocol/common/custom/CustomPacketPayload;)V
[27juil.2025 16:38:38.952] [modloading-worker-0/ERROR] [net.neoforged.neoforge.common.OnlyInWarningsHandler/]: @OnlyIn used on method dev.architectury.networking.NetworkManager.sendToServer(Lnet/minecraft/resources/ResourceLocation;Lnet/minecraft/network/RegistryFriendlyByteBuf;)V
[27juil.2025 16:38:38.952] [modloading-worker-0/ERROR] [net.neoforged.neoforge.common.OnlyInWarningsHandler/]: @OnlyIn used on method dev.architectury.networking.transformers.SplitPacketTransformer$Client.init()V
[27juil.2025 16:38:38.952] [modloading-worker-0/ERROR] [net.neoforged.neoforge.common.OnlyInWarningsHandler/]: @OnlyIn used on method dev.architectury.networking.transformers.PacketSink.client()Ldev/architectury/networking/transformers/PacketSink;
[27juil.2025 16:38:38.952] [modloading-worker-0/ERROR] [net.neoforged.neoforge.common.OnlyInWarningsHandler/]: @OnlyIn used on method dev.architectury.networking.NetworkChannel.canServerReceive(Ljava/lang/Class;)Z
[27juil.2025 16:38:38.952] [modloading-worker-0/ERROR] [net.neoforged.neoforge.common.OnlyInWarningsHandler/]: @OnlyIn used on method dev.architectury.networking.NetworkChannel.sendToServer(Ljava/lang/Object;)V
[27juil.2025 16:38:38.952] [modloading-worker-0/ERROR] [net.neoforged.neoforge.common.OnlyInWarningsHandler/]: @OnlyIn used on method dev.architectury.networking.forge.NetworkManagerImpl.getClientRegistryAccess()Lnet/minecraft/core/RegistryAccess;
[27juil.2025 16:38:38.953] [modloading-worker-0/ERROR] [net.neoforged.neoforge.common.OnlyInWarningsHandler/]: @OnlyIn used on method dev.architectury.networking.forge.NetworkManagerImpl.getClientPlayer()Lnet/minecraft/world/entity/player/Player;
[27juil.2025 16:38:38.953] [modloading-worker-0/ERROR] [net.neoforged.neoforge.common.OnlyInWarningsHandler/]: @OnlyIn used on method dev.architectury.networking.forge.NetworkManagerImpl.canServerReceive(Lnet/minecraft/resources/ResourceLocation;)Z
[27juil.2025 16:38:38.953] [modloading-worker-0/ERROR] [net.neoforged.neoforge.common.OnlyInWarningsHandler/]: @OnlyIn used on method dev.architectury.networking.simple.BaseC2SMessage.sendToServer()V
[27juil.2025 16:38:38.953] [modloading-worker-0/ERROR] [net.neoforged.neoforge.common.OnlyInWarningsHandler/]: @OnlyIn used on method dev.architectury.registry.menu.forge.MenuRegistryImpl.registerScreenFactory(Lnet/minecraft/world/inventory/MenuType;Ldev/architectury/registry/menu/MenuRegistry$ScreenFactory;)V
[27juil.2025 16:38:38.953] [modloading-worker-0/ERROR] [net.neoforged.neoforge.common.OnlyInWarningsHandler/]: @OnlyIn used on class dev.architectury.registry.menu.MenuRegistry$ScreenFactory
[27juil.2025 16:38:38.953] [modloading-worker-0/ERROR] [net.neoforged.neoforge.common.OnlyInWarningsHandler/]: @OnlyIn used on method dev.architectury.registry.menu.MenuRegistry.registerScreenFactory(Lnet/minecraft/world/inventory/MenuType;Ldev/architectury/registry/menu/MenuRegistry$ScreenFactory;)V
[27juil.2025 16:38:38.953] [modloading-worker-0/ERROR] [net.neoforged.neoforge.common.OnlyInWarningsHandler/]: @OnlyIn used on method dev.architectury.registry.forge.ReloadListenerRegistryImpl.addClientReloadListeners(Lnet/neoforged/neoforge/client/event/AddClientReloadListenersEvent;)V
[27juil.2025 16:38:38.953] [modloading-worker-0/ERROR] [net.neoforged.neoforge.common.OnlyInWarningsHandler/]: @OnlyIn used on class dev.architectury.registry.client.keymappings.KeyMappingRegistry
[27juil.2025 16:38:38.953] [modloading-worker-0/ERROR] [net.neoforged.neoforge.common.OnlyInWarningsHandler/]: @OnlyIn used on class dev.architectury.registry.client.gui.ClientTooltipComponentRegistry
[27juil.2025 16:38:38.953] [modloading-worker-0/ERROR] [net.neoforged.neoforge.common.OnlyInWarningsHandler/]: @OnlyIn used on class dev.architectury.registry.client.gui.forge.ClientTooltipComponentRegistryImpl
[27juil.2025 16:38:38.953] [modloading-worker-0/ERROR] [net.neoforged.neoforge.common.OnlyInWarningsHandler/]: @OnlyIn used on class dev.architectury.registry.client.rendering.ColorHandlerRegistry
[27juil.2025 16:38:38.953] [modloading-worker-0/ERROR] [net.neoforged.neoforge.common.OnlyInWarningsHandler/]: @OnlyIn used on class dev.architectury.registry.client.rendering.BlockEntityRendererRegistry
[27juil.2025 16:38:38.953] [modloading-worker-0/ERROR] [net.neoforged.neoforge.common.OnlyInWarningsHandler/]: @OnlyIn used on class dev.architectury.registry.client.rendering.RenderTypeRegistry
[27juil.2025 16:38:38.953] [modloading-worker-0/ERROR] [net.neoforged.neoforge.common.OnlyInWarningsHandler/]: @OnlyIn used on class dev.architectury.registry.client.level.entity.EntityRendererRegistry
[27juil.2025 16:38:38.953] [modloading-worker-0/ERROR] [net.neoforged.neoforge.common.OnlyInWarningsHandler/]: @OnlyIn used on class dev.architectury.registry.client.level.entity.EntityModelLayerRegistry
[27juil.2025 16:38:38.953] [modloading-worker-0/ERROR] [net.neoforged.neoforge.common.OnlyInWarningsHandler/]: @OnlyIn used on class dev.architectury.registry.client.particle.ParticleProviderRegistry
[27juil.2025 16:38:38.953] [modloading-worker-0/ERROR] [net.neoforged.neoforge.common.OnlyInWarningsHandler/]: @OnlyIn used on method dev.architectury.event.EventHandler.registerServer()V
[27juil.2025 16:38:38.953] [modloading-worker-0/ERROR] [net.neoforged.neoforge.common.OnlyInWarningsHandler/]: @OnlyIn used on method dev.architectury.event.EventHandler.registerClient()V
[27juil.2025 16:38:38.953] [modloading-worker-0/ERROR] [net.neoforged.neoforge.common.OnlyInWarningsHandler/]: @OnlyIn used on class dev.architectury.event.forge.EventHandlerImplClient
[27juil.2025 16:38:38.953] [modloading-worker-0/ERROR] [net.neoforged.neoforge.common.OnlyInWarningsHandler/]: @OnlyIn used on class dev.architectury.event.forge.EventHandlerImplServer
[27juil.2025 16:38:38.953] [modloading-worker-0/ERROR] [net.neoforged.neoforge.common.OnlyInWarningsHandler/]: @OnlyIn used on class dev.architectury.event.forge.EventHandlerImplClient$ModBasedEventHandler
[27juil.2025 16:38:38.953] [modloading-worker-0/ERROR] [net.neoforged.neoforge.common.OnlyInWarningsHandler/]: @OnlyIn used on class dev.architectury.event.forge.EventHandlerImplServer$ModBasedEventHandler
[27juil.2025 16:38:38.954] [modloading-worker-0/ERROR] [net.neoforged.neoforge.common.OnlyInWarningsHandler/]: @OnlyIn used on method dev.architectury.event.forge.EventHandlerImpl.registerServer()V
[27juil.2025 16:38:38.954] [modloading-worker-0/ERROR] [net.neoforged.neoforge.common.OnlyInWarningsHandler/]: @OnlyIn used on method dev.architectury.event.forge.EventHandlerImpl.registerClient()V
[27juil.2025 16:38:38.954] [modloading-worker-0/ERROR] [net.neoforged.neoforge.common.OnlyInWarningsHandler/]: @OnlyIn used on class dev.architectury.event.events.client.ClientChatEvent$Send
[27juil.2025 16:38:38.954] [modloading-worker-0/ERROR] [net.neoforged.neoforge.common.OnlyInWarningsHandler/]: @OnlyIn used on class dev.architectury.event.events.client.ClientRecipeUpdateEvent
[27juil.2025 16:38:38.954] [modloading-worker-0/ERROR] [net.neoforged.neoforge.common.OnlyInWarningsHandler/]: @OnlyIn used on class dev.architectury.event.events.client.ClientTooltipEvent$PositionContext
[27juil.2025 16:38:38.954] [modloading-worker-0/ERROR] [net.neoforged.neoforge.common.OnlyInWarningsHandler/]: @OnlyIn used on class dev.architectury.event.events.client.ClientGuiEvent$SetScreen
[27juil.2025 16:38:38.954] [modloading-worker-0/ERROR] [net.neoforged.neoforge.common.OnlyInWarningsHandler/]: @OnlyIn used on class dev.architectury.event.events.client.ClientTickEvent
[27juil.2025 16:38:38.954] [modloading-worker-0/ERROR] [net.neoforged.neoforge.common.OnlyInWarningsHandler/]: @OnlyIn used on class dev.architectury.event.events.client.ClientGuiEvent$ContainerScreenRenderForeground
[27juil.2025 16:38:38.954] [modloading-worker-0/ERROR] [net.neoforged.neoforge.common.OnlyInWarningsHandler/]: @OnlyIn used on class dev.architectury.event.events.client.ClientGuiEvent$RenderHud
[27juil.2025 16:38:38.954] [modloading-worker-0/ERROR] [net.neoforged.neoforge.common.OnlyInWarningsHandler/]: @OnlyIn used on class dev.architectury.event.events.client.ClientGuiEvent$DebugText
[27juil.2025 16:38:38.954] [modloading-worker-0/ERROR] [net.neoforged.neoforge.common.OnlyInWarningsHandler/]: @OnlyIn used on class dev.architectury.event.events.client.ClientSystemMessageEvent$Received
[27juil.2025 16:38:38.954] [modloading-worker-0/ERROR] [net.neoforged.neoforge.common.OnlyInWarningsHandler/]: @OnlyIn used on class dev.architectury.event.events.client.ClientGuiEvent$ScreenInitPost
[27juil.2025 16:38:38.954] [modloading-worker-0/ERROR] [net.neoforged.neoforge.common.OnlyInWarningsHandler/]: @OnlyIn used on class dev.architectury.event.events.client.ClientScreenInputEvent
[27juil.2025 16:38:38.954] [modloading-worker-0/ERROR] [net.neoforged.neoforge.common.OnlyInWarningsHandler/]: @OnlyIn used on class dev.architectury.event.events.client.ClientSystemMessageEvent
[27juil.2025 16:38:38.954] [modloading-worker-0/ERROR] [net.neoforged.neoforge.common.OnlyInWarningsHandler/]: @OnlyIn used on class dev.architectury.event.events.client.ClientGuiEvent$ScreenRenderPre
[27juil.2025 16:38:38.954] [modloading-worker-0/ERROR] [net.neoforged.neoforge.common.OnlyInWarningsHandler/]: @OnlyIn used on class dev.architectury.event.events.client.ClientTickEvent$ClientLevel
[27juil.2025 16:38:38.954] [modloading-worker-0/ERROR] [net.neoforged.neoforge.common.OnlyInWarningsHandler/]: @OnlyIn used on class dev.architectury.event.events.client.ClientPlayerEvent$ClientPlayerJoin
[27juil.2025 16:38:38.954] [modloading-worker-0/ERROR] [net.neoforged.neoforge.common.OnlyInWarningsHandler/]: @OnlyIn used on class dev.architectury.event.events.client.ClientTooltipEvent$RenderModifyPosition
[27juil.2025 16:38:38.954] [modloading-worker-0/ERROR] [net.neoforged.neoforge.common.OnlyInWarningsHandler/]: @OnlyIn used on class dev.architectury.event.events.client.ClientRawInputEvent
[27juil.2025 16:38:38.954] [modloading-worker-0/ERROR] [net.neoforged.neoforge.common.OnlyInWarningsHandler/]: @OnlyIn used on class dev.architectury.event.events.client.ClientLifecycleEvent$ClientState
[27juil.2025 16:38:38.954] [modloading-worker-0/ERROR] [net.neoforged.neoforge.common.OnlyInWarningsHandler/]: @OnlyIn used on class dev.architectury.event.events.client.ClientPlayerEvent
[27juil.2025 16:38:38.954] [modloading-worker-0/ERROR] [net.neoforged.neoforge.common.OnlyInWarningsHandler/]: @OnlyIn used on class dev.architectury.event.events.client.ClientChatEvent
[27juil.2025 16:38:38.954] [modloading-worker-0/ERROR] [net.neoforged.neoforge.common.OnlyInWarningsHandler/]: @OnlyIn used on class dev.architectury.event.events.client.ClientGuiEvent$ScreenInitPre
[27juil.2025 16:38:38.954] [modloading-worker-0/ERROR] [net.neoforged.neoforge.common.OnlyInWarningsHandler/]: @OnlyIn used on class dev.architectury.event.events.client.ClientGuiEvent$ContainerScreenRenderBackground
[27juil.2025 16:38:38.954] [modloading-worker-0/ERROR] [net.neoforged.neoforge.common.OnlyInWarningsHandler/]: @OnlyIn used on class dev.architectury.event.events.client.ClientTooltipEvent
[27juil.2025 16:38:38.954] [modloading-worker-0/ERROR] [net.neoforged.neoforge.common.OnlyInWarningsHandler/]: @OnlyIn used on class dev.architectury.event.events.client.ClientGuiEvent
[27juil.2025 16:38:38.954] [modloading-worker-0/ERROR] [net.neoforged.neoforge.common.OnlyInWarningsHandler/]: @OnlyIn used on class dev.architectury.event.events.client.ClientTickEvent$Client
[27juil.2025 16:38:38.954] [modloading-worker-0/ERROR] [net.neoforged.neoforge.common.OnlyInWarningsHandler/]: @OnlyIn used on class dev.architectury.event.events.client.ClientPlayerEvent$ClientPlayerQuit
[27juil.2025 16:38:38.954] [modloading-worker-0/ERROR] [net.neoforged.neoforge.common.OnlyInWarningsHandler/]: @OnlyIn used on class dev.architectury.event.events.client.ClientLifecycleEvent$ClientLevelState
[27juil.2025 16:38:38.955] [modloading-worker-0/ERROR] [net.neoforged.neoforge.common.OnlyInWarningsHandler/]: @OnlyIn used on class dev.architectury.event.events.client.ClientTooltipEvent$Item
[27juil.2025 16:38:38.955] [modloading-worker-0/ERROR] [net.neoforged.neoforge.common.OnlyInWarningsHandler/]: @OnlyIn used on class dev.architectury.event.events.client.ClientGuiEvent$ScreenRenderPost
[27juil.2025 16:38:38.955] [modloading-worker-0/ERROR] [net.neoforged.neoforge.common.OnlyInWarningsHandler/]: @OnlyIn used on class dev.architectury.event.events.client.ClientLifecycleEvent
[27juil.2025 16:38:38.955] [modloading-worker-0/ERROR] [net.neoforged.neoforge.common.OnlyInWarningsHandler/]: @OnlyIn used on class dev.architectury.event.events.client.ClientPlayerEvent$ClientPlayerRespawn
[27juil.2025 16:38:38.955] [modloading-worker-0/ERROR] [net.neoforged.neoforge.common.OnlyInWarningsHandler/]: @OnlyIn used on class dev.architectury.event.events.client.ClientChatEvent$Received
[27juil.2025 16:38:38.955] [modloading-worker-0/ERROR] [net.neoforged.neoforge.common.OnlyInWarningsHandler/]: @OnlyIn used on class dev.architectury.event.events.client.ClientTooltipEvent$Render
[27juil.2025 16:38:38.975] [modloading-worker-0/INFO] [net.neoforged.neoforge.common.NeoForgeMod/NEOFORGE-MOD]: NeoForge mod loading, version 21.7.8-beta, for MC 1.21.7
[27juil.2025 16:38:39.470] [Render thread/WARN] [net.minecraft.server.packs.VanillaPackResourcesBuilder/]: Assets URL 'union:/C:/Users/mathi/.gradle/caches/fabric-loom/minecraftMaven/net/minecraft/neoforge-21.7.8-beta-minecraft-merged/1.21.7-loom.mappings.1_21_7.layered+hash.40359-v2-neoforge-21.7.8-beta/neoforge-21.7.8-beta-minecraft-merged-1.21.7-loom.mappings.1_21_7.layered+hash.40359-v2-neoforge-21.7.8-beta.jar%23216!/assets/.mcassetsroot' uses unexpected schema
[27juil.2025 16:38:39.471] [Render thread/WARN] [net.minecraft.server.packs.VanillaPackResourcesBuilder/]: Assets URL 'union:/C:/Users/mathi/.gradle/caches/fabric-loom/minecraftMaven/net/minecraft/neoforge-21.7.8-beta-minecraft-merged/1.21.7-loom.mappings.1_21_7.layered+hash.40359-v2-neoforge-21.7.8-beta/neoforge-21.7.8-beta-minecraft-merged-1.21.7-loom.mappings.1_21_7.layered+hash.40359-v2-neoforge-21.7.8-beta.jar%23216!/data/.mcassetsroot' uses unexpected schema
[27juil.2025 16:38:39.516] [Render thread/INFO] [com.mojang.authlib.yggdrasil.YggdrasilAuthenticationService/]: Environment: Environment[sessionHost=https://sessionserver.mojang.com, servicesHost=https://api.minecraftservices.com, name=PROD]
[27juil.2025 16:38:39.527] [Render thread/INFO] [net.minecraft.client.Minecraft/]: Setting user: Dev
[27juil.2025 16:38:39.648] [Render thread/INFO] [net.minecraft.client.Minecraft/]: Backend library: LWJGL version 3.3.3+5
[27juil.2025 16:38:39.773] [Render thread/INFO] [net.minecraft.client.Minecraft/]: Using optional rendering extensions: GL_ARB_buffer_storage, GL_KHR_debug, GL_ARB_vertex_attrib_binding, GL_ARB_direct_state_access
[27juil.2025 16:38:40.471] [Render thread/INFO] [net.minecraft.server.packs.resources.ReloadableResourceManager/]: Reloading ResourceManager: vanilla, mod_resources, mod/architectury, mod/ores, mod/generated_8a1897d, mod/neoforge
[27juil.2025 16:38:40.606] [resourceLoad/INFO] [net.minecraft.client.gui.font.providers.UnihexProvider/]: Found unifont_all_no_pua-16.0.03.hex, loading
[27juil.2025 16:38:40.606] [resourceLoad/INFO] [net.minecraft.client.gui.font.providers.UnihexProvider/]: Found unifont_pua-16.0.03.hex, loading
[27juil.2025 16:38:40.728] [resourceLoad/INFO] [net.minecraft.client.gui.font.providers.UnihexProvider/]: Found unifont_jp_patch-16.0.03.hex, loading
[27juil.2025 16:38:42.299] [Render thread/INFO] [com.mojang.blaze3d.audio.Library/]: OpenAL initialized on device OpenAL Soft on Haut-parleurs (Realtek(R) Audio)
[27juil.2025 16:38:42.300] [Render thread/INFO] [net.minecraft.client.sounds.SoundEngine/SOUNDS]: Sound engine started
[27juil.2025 16:38:42.401] [Render thread/INFO] [net.minecraft.client.renderer.texture.TextureAtlas/]: Created: 1024x512x4 minecraft:textures/atlas/blocks.png-atlas
[27juil.2025 16:38:42.814] [Render thread/INFO] [net.minecraft.client.renderer.texture.TextureAtlas/]: Created: 256x256x4 minecraft:textures/atlas/signs.png-atlas
[27juil.2025 16:38:42.823] [Render thread/INFO] [net.minecraft.client.renderer.texture.TextureAtlas/]: Created: 512x512x4 minecraft:textures/atlas/shield_patterns.png-atlas
[27juil.2025 16:38:42.841] [Render thread/INFO] [net.minecraft.client.renderer.texture.TextureAtlas/]: Created: 512x512x4 minecraft:textures/atlas/banner_patterns.png-atlas
[27juil.2025 16:38:42.857] [Render thread/INFO] [net.minecraft.client.renderer.texture.TextureAtlas/]: Created: 2048x1024x4 minecraft:textures/atlas/armor_trims.png-atlas
[27juil.2025 16:38:42.954] [Render thread/INFO] [net.minecraft.client.renderer.texture.TextureAtlas/]: Created: 256x256x4 minecraft:textures/atlas/chest.png-atlas
[27juil.2025 16:38:42.957] [Render thread/INFO] [net.minecraft.client.renderer.texture.TextureAtlas/]: Created: 128x64x4 minecraft:textures/atlas/decorated_pot.png-atlas
[27juil.2025 16:38:42.963] [Render thread/INFO] [net.minecraft.client.renderer.texture.TextureAtlas/]: Created: 512x256x4 minecraft:textures/atlas/shulker_boxes.png-atlas
[27juil.2025 16:38:42.969] [Render thread/INFO] [net.minecraft.client.renderer.texture.TextureAtlas/]: Created: 512x256x4 minecraft:textures/atlas/beds.png-atlas
[27juil.2025 16:38:42.976] [Render thread/INFO] [net.minecraft.client.renderer.texture.TextureAtlas/]: Created: 64x64x0 minecraft:textures/atlas/map_decorations.png-atlas
[27juil.2025 16:38:43.134] [Render thread/INFO] [net.minecraft.client.renderer.texture.TextureAtlas/]: Created: 512x256x0 minecraft:textures/atlas/particles.png-atlas
[27juil.2025 16:38:43.148] [Render thread/INFO] [net.minecraft.client.renderer.texture.TextureAtlas/]: Created: 512x256x0 minecraft:textures/atlas/paintings.png-atlas
[27juil.2025 16:38:43.152] [Render thread/INFO] [net.minecraft.client.renderer.texture.TextureAtlas/]: Created: 1024x512x0 minecraft:textures/atlas/gui.png-atlas
[27juil.2025 16:38:43.183] [Render thread/INFO] [net.neoforged.neoforge.client.entity.animation.json.AnimationLoader/]: Loaded 0 entity animations
[27juil.2025 16:38:48.379] [Render thread/INFO] [net.minecraft.client.Minecraft/]: Stopping!
